<?xml version="1.0" encoding="UTF-8"?>
<testng-results ignored="0" total="1" passed="1" failed="0" skipped="0">
  <reporter-output>
  </reporter-output>
  <suite started-at="2023-10-04T08:21:17 AEDT" name="Default suite" finished-at="2023-10-04T08:21:45 AEDT" duration-ms="27733">
    <groups>
    </groups>
    <test started-at="2023-10-04T08:21:17 AEDT" name="Default test" finished-at="2023-10-04T08:21:45 AEDT" duration-ms="27733">
      <class name="demo.Test1">
        <test-method is-config="true" signature="setUp()[pri:0, instance:demo.Test1@198b6731]" started-at="2023-10-04T08:21:17 AEDT" name="setUp" finished-at="2023-10-04T08:21:20 AEDT" duration-ms="2647" status="PASS">
          <reporter-output>
          </reporter-output>
        </test-method> <!-- setUp -->
        <test-method signature="test1()[pri:0, instance:demo.Test1@198b6731]" started-at="2023-10-04T08:21:20 AEDT" name="test1" finished-at="2023-10-04T08:21:44 AEDT" duration-ms="24749" status="PASS">
          <reporter-output>
          </reporter-output>
        </test-method> <!-- test1 -->
        <test-method is-config="true" signature="tearDown()[pri:0, instance:demo.Test1@198b6731]" started-at="2023-10-04T08:21:44 AEDT" name="tearDown" finished-at="2023-10-04T08:21:45 AEDT" duration-ms="290" status="PASS">
          <reporter-output>
          </reporter-output>
        </test-method> <!-- tearDown -->
      </class> <!-- demo.Test1 -->
    </test> <!-- Default test -->
  </suite> <!-- Default suite -->
</testng-results>
